<?xml version="1.0" encoding="UTF-8"?>
<testsuite name="controller"
           tests="1"
           failures="1"
           errors="0"
           skipped="0"
           time="1.697">
    <properties></properties>

            <testcase
                name="readCustomerProfile"
                time="1.697"
                classname="io.github.cafeduke.dukecart.controller.CustomerProfileControllerTest">

            <failure type="com.fasterxml.jackson.core.JsonParseException" message="Unrecognized token &apos;dukecart&apos;: was expecting (JSON String, Number, Array, Object or token &apos;null&apos;, &apos;true&apos; or &apos;false&apos;)
 at [Source: REDACTED (`StreamReadFeature.INCLUDE_SOURCE_IN_LOCATION` disabled); line: 1, column: 9]">
                <![CDATA[com.fasterxml.jackson.core.JsonParseException: Unrecognized token 'dukecart': was expecting (JSON String, Number, Array, Object or token 'null', 'true' or 'false')
 at [Source: REDACTED (`StreamReadFeature.INCLUDE_SOURCE_IN_LOCATION` disabled); line: 1, column: 9]
                com.fasterxml.jackson.core.JsonParser._constructError(JsonParser.java:2596)com.fasterxml.jackson.core.JsonParser._constructReadException(JsonParser.java:2622)com.fasterxml.jackson.core.JsonParser._constructReadException(JsonParser.java:2630)com.fasterxml.jackson.core.base.ParserMinimalBase._reportError(ParserMinimalBase.java:830)com.fasterxml.jackson.core.json.ReaderBasedJsonParser._reportInvalidToken(ReaderBasedJsonParser.java:3017)com.fasterxml.jackson.core.json.ReaderBasedJsonParser._handleOddValue(ReaderBasedJsonParser.java:2051)com.fasterxml.jackson.core.json.ReaderBasedJsonParser.nextToken(ReaderBasedJsonParser.java:780)com.fasterxml.jackson.databind.ObjectMapper._readTreeAndClose(ObjectMapper.java:5000)com.fasterxml.jackson.databind.ObjectMapper.readTree(ObjectMapper.java:3300)io.github.cafeduke.dukecart.common.util.TestUtil.getJSONValue(TestUtil.java:71)io.github.cafeduke.dukecart.common.util.TestUtil.getKeycloakAccessToken(TestUtil.java:47)io.github.cafeduke.dukecart.controller.CustomerProfileControllerTest.readCustomerProfile(CustomerProfileControllerTest.java:17)java.base/jdk.internal.reflect.DirectMethodHandleAccessor.invoke(DirectMethodHandleAccessor.java:104)java.base/java.lang.reflect.Method.invoke(Method.java:565)org.testng.internal.invokers.MethodInvocationHelper.invokeMethod(MethodInvocationHelper.java:141)org.testng.internal.invokers.TestInvoker.invokeMethod(TestInvoker.java:687)org.testng.internal.invokers.TestInvoker.invokeTestMethod(TestInvoker.java:230)org.testng.internal.invokers.MethodRunner.runInSequence(MethodRunner.java:63)org.testng.internal.invokers.TestInvoker$MethodInvocationAgent.invoke(TestInvoker.java:995)org.testng.internal.invokers.TestInvoker.invokeTestMethods(TestInvoker.java:203)org.testng.internal.invokers.TestMethodWorker.invokeTestMethods(TestMethodWorker.java:154)org.testng.internal.invokers.TestMethodWorker.run(TestMethodWorker.java:134)java.base/java.util.ArrayList.forEach(ArrayList.java:1604)org.testng.TestRunner.privateRun(TestRunner.java:741)org.testng.TestRunner.run(TestRunner.java:616)org.testng.SuiteRunner.runTest(SuiteRunner.java:421)org.testng.SuiteRunner.runSequentially(SuiteRunner.java:413)org.testng.SuiteRunner.privateRun(SuiteRunner.java:373)org.testng.SuiteRunner.run(SuiteRunner.java:312)org.testng.SuiteRunnerWorker.runSuite(SuiteRunnerWorker.java:52)org.testng.SuiteRunnerWorker.run(SuiteRunnerWorker.java:95)org.testng.TestNG.runSuitesSequentially(TestNG.java:1274)org.testng.TestNG.runSuitesLocally(TestNG.java:1208)org.testng.TestNG.runSuites(TestNG.java:1112)org.testng.TestNG.run(TestNG.java:1079)org.testng.remote.AbstractRemoteTestNG.run(AbstractRemoteTestNG.java:115)org.testng.remote.RemoteTestNG.initAndRun(RemoteTestNG.java:293)org.testng.remote.RemoteTestNG.main(RemoteTestNG.java:91)
]]>
            </failure>
    </testcase>


</testsuite>
